<?xml version="1.0" encoding="UTF-8"?>
<!-- Generated by org.testng.reporters.JUnitReportReporter -->
<testsuite hostname="USER-PC" failures="0" tests="1" name="com.demoblazestore.testcases.TC_LoginTest_001" time="4.999" errors="0" timestamp="2021-05-26T00:10:21 IST" skipped="0">
  <testcase classname="com.demoblazestore.testcases.TC_LoginTest_001" name="loginTest" time="4.999"/>
  <system-out/>
</testsuite> <!-- com.demoblazestore.testcases.TC_LoginTest_001 -->
